Line 13: Class ShockwaveFlashObjectsCtl.ShockwaveFlash of control Xwin was not a loaded control class.
Line 19: The property name _cx in Xwin is invalid.
Line 20: The property name _cy in Xwin is invalid.
Line 21: The property name FlashVars in Xwin is invalid.
Line 22: The property name Movie in Xwin is invalid.
Line 23: The property name Src in Xwin is invalid.
Line 24: The property name WMode in Xwin is invalid.
Line 25: The property name Play in Xwin is invalid.
Line 26: The property name Loop in Xwin is invalid.
Line 27: The property name Quality in Xwin is invalid.
Line 28: The property name SAlign in Xwin is invalid.
Line 29: The property name Menu in Xwin is invalid.
Line 30: The property name Base in Xwin is invalid.
Line 31: The property name AllowScriptAccess in Xwin is invalid.
Line 32: The property name Scale in Xwin is invalid.
Line 33: The property name DeviceFont in Xwin is invalid.
Line 34: The property name EmbedMovie in Xwin is invalid.
Line 35: The property name BGColor in Xwin is invalid.
Line 36: The property name SWRemote in Xwin is invalid.
Line 37: The property name MovieData in Xwin is invalid.
Line 38: The property name SeamlessTabbing in Xwin is invalid.
Line 39: The property name Profile in Xwin is invalid.
Line 40: The property name ProfileAddress in Xwin is invalid.
Line 41: The property name ProfilePort in Xwin is invalid.
Line 42: The property name AllowNetworking in Xwin is invalid.
Line 43: The property name AllowFullScreen in Xwin is invalid.
